<?xml version="1.0" encoding="UTF-8"?>
<testng-results ignored="0" total="1" passed="0" failed="1" skipped="0">
  <reporter-output>
  </reporter-output>
  <suite started-at="2024-05-08T10:17:21 IST" name="Suite" finished-at="2024-05-08T10:17:58 IST" duration-ms="37033">
    <groups>
    </groups>
    <test started-at="2024-05-08T10:17:21 IST" name="TestChromeBrowser" finished-at="2024-05-08T10:17:58 IST" duration-ms="37033">
      <class name="testcases.TC004_SearchFlightTwoWayTest">
        <test-method is-config="true" signature="setup()[pri:0, instance:testcases.TC004_SearchFlightTwoWayTest@68c9d179]" started-at="2024-05-08T10:17:21 IST" name="setup" finished-at="2024-05-08T10:17:21 IST" duration-ms="6" status="PASS">
          <reporter-output>
          </reporter-output>
        </test-method> <!-- setup -->
        <test-method is-config="true" signature="browserLaunch(java.lang.String,java.lang.String)[pri:0, instance:testcases.TC004_SearchFlightTwoWayTest@68c9d179]" started-at="2024-05-08T10:17:22 IST" name="browserLaunch" finished-at="2024-05-08T10:17:30 IST" duration-ms="7821" status="PASS">
          <params>
            <param index="0">
              <value>
                <![CDATA[chrome]]>
              </value>
            </param>
            <param index="1">
              <value>
                <![CDATA[https://www.spicejet.com/]]>
              </value>
            </param>
          </params>
          <reporter-output>
          </reporter-output>
        </test-method> <!-- browserLaunch -->
        <test-method signature="searchflightonewayTest(java.lang.String,java.lang.String,java.lang.String,java.lang.String,java.lang.String,java.lang.String,java.lang.String,java.lang.String,java.lang.String,java.lang.String,java.lang.String)[pri:4, instance:testcases.TC004_SearchFlightTwoWayTest@68c9d179]" started-at="2024-05-08T10:17:30 IST" name="searchflightonewayTest" data-provider="getData" finished-at="2024-05-08T10:17:57 IST" duration-ms="27364" status="FAIL">
          <params>
            <param index="0">
              <value>
                <![CDATA[Hyderabad]]>
              </value>
            </param>
            <param index="1">
              <value>
                <![CDATA[Anitha]]>
              </value>
            </param>
            <param index="2">
              <value>
                <![CDATA[Sham]]>
              </value>
            </param>
            <param index="3">
              <value>
                <![CDATA[9345363554]]>
              </value>
            </param>
            <param index="4">
              <value>
                <![CDATA[anitha@gmail.com]]>
              </value>
            </param>
            <param index="5">
              <value>
                <![CDATA[Chennai]]>
              </value>
            </param>
            <param index="6">
              <value>
                <![CDATA[10011012013014015]]>
              </value>
            </param>
            <param index="7">
              <value>
                <![CDATA[Anitha]]>
              </value>
            </param>
            <param index="8">
              <value>
                <![CDATA[11]]>
              </value>
            </param>
            <param index="9">
              <value>
                <![CDATA[25]]>
              </value>
            </param>
            <param index="10">
              <value>
                <![CDATA[342]]>
              </value>
            </param>
          </params>
          <exception class="org.openqa.selenium.JavascriptException">
            <message>
              <![CDATA[javascript error: {"status":60,"value":"[object HTMLParagraphElement] has no size and location"}
  (Session info: chrome=124.0.6367.119)
Build info: version: '4.17.0', revision: 'e52b1be057*'
System info: os.name: 'Windows 10', os.arch: 'amd64', os.version: '10.0', java.version: '21.0.2'
Driver info: org.openqa.selenium.chrome.ChromeDriver
Command: [33d2e0f5b5637e37f39fbc1d30e99d28, actions {actions=[org.openqa.selenium.interactions.Sequence@4222ee69]}]
Capabilities {acceptInsecureCerts: false, browserName: chrome, browserVersion: 124.0.6367.119, chrome: {chromedriverVersion: 124.0.6367.155 (df4f029328b..., userDataDir: C:\Users\ADMIN\AppData\Loca...}, fedcm:accounts: true, goog:chromeOptions: {debuggerAddress: localhost:55903}, networkConnectionEnabled: false, pageLoadStrategy: normal, platformName: windows, proxy: Proxy(), se:cdp: ws://localhost:55903/devtoo..., se:cdpVersion: 124.0.6367.119, setWindowRect: true, strictFileInteractability: false, timeouts: {implicit: 0, pageLoad: 300000, script: 30000}, unhandledPromptBehavior: dismiss and notify, webauthn:extension:credBlob: true, webauthn:extension:largeBlob: true, webauthn:extension:minPinLength: true, webauthn:extension:prf: true, webauthn:virtualAuthenticators: true}
Session ID: 33d2e0f5b5637e37f39fbc1d30e99d28]]>
            </message>
            <full-stacktrace>
              <![CDATA[org.openqa.selenium.JavascriptException: javascript error: {"status":60,"value":"[object HTMLParagraphElement] has no size and location"}
  (Session info: chrome=124.0.6367.119)
Build info: version: '4.17.0', revision: 'e52b1be057*'
System info: os.name: 'Windows 10', os.arch: 'amd64', os.version: '10.0', java.version: '21.0.2'
Driver info: org.openqa.selenium.chrome.ChromeDriver
Command: [33d2e0f5b5637e37f39fbc1d30e99d28, actions {actions=[org.openqa.selenium.interactions.Sequence@4222ee69]}]
Capabilities {acceptInsecureCerts: false, browserName: chrome, browserVersion: 124.0.6367.119, chrome: {chromedriverVersion: 124.0.6367.155 (df4f029328b..., userDataDir: C:\Users\ADMIN\AppData\Loca...}, fedcm:accounts: true, goog:chromeOptions: {debuggerAddress: localhost:55903}, networkConnectionEnabled: false, pageLoadStrategy: normal, platformName: windows, proxy: Proxy(), se:cdp: ws://localhost:55903/devtoo..., se:cdpVersion: 124.0.6367.119, setWindowRect: true, strictFileInteractability: false, timeouts: {implicit: 0, pageLoad: 300000, script: 30000}, unhandledPromptBehavior: dismiss and notify, webauthn:extension:credBlob: true, webauthn:extension:largeBlob: true, webauthn:extension:minPinLength: true, webauthn:extension:prf: true, webauthn:virtualAuthenticators: true}
Session ID: 33d2e0f5b5637e37f39fbc1d30e99d28
at java.base/jdk.internal.reflect.DirectConstructorHandleAccessor.newInstance(DirectConstructorHandleAccessor.java:62)
at java.base/java.lang.reflect.Constructor.newInstanceWithCaller(Constructor.java:502)
at java.base/java.lang.reflect.Constructor.newInstance(Constructor.java:486)
at org.openqa.selenium.remote.codec.w3c.W3CHttpResponseCodec.createException(W3CHttpResponseCodec.java:185)
at org.openqa.selenium.remote.codec.w3c.W3CHttpResponseCodec.decode(W3CHttpResponseCodec.java:134)
at org.openqa.selenium.remote.codec.w3c.W3CHttpResponseCodec.decode(W3CHttpResponseCodec.java:51)
at org.openqa.selenium.remote.HttpCommandExecutor.execute(HttpCommandExecutor.java:190)
at org.openqa.selenium.remote.service.DriverCommandExecutor.invokeExecute(DriverCommandExecutor.java:216)
at org.openqa.selenium.remote.service.DriverCommandExecutor.execute(DriverCommandExecutor.java:174)
at org.openqa.selenium.remote.RemoteWebDriver.execute(RemoteWebDriver.java:519)
at org.openqa.selenium.remote.RemoteWebDriver.perform(RemoteWebDriver.java:605)
at org.openqa.selenium.interactions.Actions$BuiltAction.perform(Actions.java:603)
at pages.SeachFlightTwoWayPage.skip(SeachFlightTwoWayPage.java:216)
at testcases.TC004_SearchFlightTwoWayTest.searchflightonewayTest(TC004_SearchFlightTwoWayTest.java:46)
at java.base/jdk.internal.reflect.DirectMethodHandleAccessor.invoke(DirectMethodHandleAccessor.java:103)
at java.base/java.lang.reflect.Method.invoke(Method.java:580)
at org.testng.internal.MethodInvocationHelper.invokeMethod(MethodInvocationHelper.java:133)
at org.testng.internal.TestInvoker.invokeMethod(TestInvoker.java:598)
at org.testng.internal.TestInvoker.invokeTestMethod(TestInvoker.java:173)
at org.testng.internal.MethodRunner.runInSequence(MethodRunner.java:46)
at org.testng.internal.TestInvoker$MethodInvocationAgent.invoke(TestInvoker.java:824)
at org.testng.internal.TestInvoker.invokeTestMethods(TestInvoker.java:146)
at org.testng.internal.TestMethodWorker.invokeTestMethods(TestMethodWorker.java:146)
at org.testng.internal.TestMethodWorker.run(TestMethodWorker.java:128)
at java.base/java.util.ArrayList.forEach(ArrayList.java:1596)
at org.testng.TestRunner.privateRun(TestRunner.java:794)
at org.testng.TestRunner.run(TestRunner.java:596)
at org.testng.SuiteRunner.runTest(SuiteRunner.java:377)
at org.testng.SuiteRunner.access$000(SuiteRunner.java:28)
at org.testng.SuiteRunner$SuiteWorker.run(SuiteRunner.java:418)
at org.testng.internal.thread.ThreadUtil.lambda$execute$0(ThreadUtil.java:64)
at java.base/java.util.concurrent.FutureTask.run(FutureTask.java:317)
at java.base/java.util.concurrent.ThreadPoolExecutor.runWorker(ThreadPoolExecutor.java:1144)
at java.base/java.util.concurrent.ThreadPoolExecutor$Worker.run(ThreadPoolExecutor.java:642)
at java.base/java.lang.Thread.run(Thread.java:1583)
]]>
            </full-stacktrace>
          </exception> <!-- org.openqa.selenium.JavascriptException -->
          <reporter-output>
          </reporter-output>
        </test-method> <!-- searchflightonewayTest -->
        <test-method is-config="true" signature="closeBrowser()[pri:0, instance:testcases.TC004_SearchFlightTwoWayTest@68c9d179]" started-at="2024-05-08T10:17:58 IST" name="closeBrowser" finished-at="2024-05-08T10:17:58 IST" duration-ms="293" status="PASS">
          <reporter-output>
          </reporter-output>
        </test-method> <!-- closeBrowser -->
      </class> <!-- testcases.TC004_SearchFlightTwoWayTest -->
    </test> <!-- TestChromeBrowser -->
  </suite> <!-- Suite -->
</testng-results>
